<?xml version="1.0" encoding="UTF-8"?>
<testsuite xmlns:xsi="http://www.w3.org/2001/XMLSchema-instance" xsi:noNamespaceSchemaLocation="https://maven.apache.org/surefire/maven-surefire-plugin/xsd/surefire-test-report-3.0.xsd" version="3.0" name="com.example.StackTest" time="0.016" tests="1" errors="0" skipped="0" failures="0">
  <properties>
    <property name="java.specification.version" value="19"/>
    <property name="sun.jnu.encoding" value="UTF-8"/>
    <property name="java.class.path" value="/Users/anna/Desktop/java/02_stos_rpn-AnnaZw2/project_01/target/test-classes:/Users/anna/Desktop/java/02_stos_rpn-AnnaZw2/project_01/target/classes:/Users/anna/.m2/repository/org/junit/jupiter/junit-jupiter/5.4.1/junit-jupiter-5.4.1.jar:/Users/anna/.m2/repository/org/junit/jupiter/junit-jupiter-api/5.4.1/junit-jupiter-api-5.4.1.jar:/Users/anna/.m2/repository/org/apiguardian/apiguardian-api/1.0.0/apiguardian-api-1.0.0.jar:/Users/anna/.m2/repository/org/opentest4j/opentest4j/1.1.1/opentest4j-1.1.1.jar:/Users/anna/.m2/repository/org/junit/platform/junit-platform-commons/1.4.1/junit-platform-commons-1.4.1.jar:/Users/anna/.m2/repository/org/junit/jupiter/junit-jupiter-params/5.4.1/junit-jupiter-params-5.4.1.jar:/Users/anna/.m2/repository/org/junit/jupiter/junit-jupiter-engine/5.4.1/junit-jupiter-engine-5.4.1.jar:/Users/anna/.m2/repository/org/junit/platform/junit-platform-engine/1.4.1/junit-platform-engine-1.4.1.jar:"/>
    <property name="java.vm.vendor" value="Homebrew"/>
    <property name="sun.arch.data.model" value="64"/>
    <property name="java.vendor.url" value="https://github.com/Homebrew/homebrew-core/issues"/>
    <property name="os.name" value="Mac OS X"/>
    <property name="java.vm.specification.version" value="19"/>
    <property name="sun.java.launcher" value="SUN_STANDARD"/>
    <property name="user.country" value="PL"/>
    <property name="sun.boot.library.path" value="/opt/homebrew/Cellar/openjdk/19.0.2/libexec/openjdk.jdk/Contents/Home/lib"/>
    <property name="sun.java.command" value="/Users/anna/Desktop/java/02_stos_rpn-AnnaZw2/project_01/target/surefire/surefirebooter-20230323160140030_3.jar /Users/anna/Desktop/java/02_stos_rpn-AnnaZw2/project_01/target/surefire 2023-03-23T16-01-39_971-jvmRun1 surefire-20230323160140030_1tmp surefire_0-20230323160140030_2tmp"/>
    <property name="http.nonProxyHosts" value="local|*.local|169.254/16|*.169.254/16"/>
    <property name="jdk.debug" value="release"/>
    <property name="surefire.test.class.path" value="/Users/anna/Desktop/java/02_stos_rpn-AnnaZw2/project_01/target/test-classes:/Users/anna/Desktop/java/02_stos_rpn-AnnaZw2/project_01/target/classes:/Users/anna/.m2/repository/org/junit/jupiter/junit-jupiter/5.4.1/junit-jupiter-5.4.1.jar:/Users/anna/.m2/repository/org/junit/jupiter/junit-jupiter-api/5.4.1/junit-jupiter-api-5.4.1.jar:/Users/anna/.m2/repository/org/apiguardian/apiguardian-api/1.0.0/apiguardian-api-1.0.0.jar:/Users/anna/.m2/repository/org/opentest4j/opentest4j/1.1.1/opentest4j-1.1.1.jar:/Users/anna/.m2/repository/org/junit/platform/junit-platform-commons/1.4.1/junit-platform-commons-1.4.1.jar:/Users/anna/.m2/repository/org/junit/jupiter/junit-jupiter-params/5.4.1/junit-jupiter-params-5.4.1.jar:/Users/anna/.m2/repository/org/junit/jupiter/junit-jupiter-engine/5.4.1/junit-jupiter-engine-5.4.1.jar:/Users/anna/.m2/repository/org/junit/platform/junit-platform-engine/1.4.1/junit-platform-engine-1.4.1.jar:"/>
    <property name="sun.cpu.endian" value="little"/>
    <property name="user.home" value="/Users/anna"/>
    <property name="user.language" value="pl"/>
    <property name="java.specification.vendor" value="Oracle Corporation"/>
    <property name="java.version.date" value="2023-01-17"/>
    <property name="java.home" value="/opt/homebrew/Cellar/openjdk/19.0.2/libexec/openjdk.jdk/Contents/Home"/>
    <property name="file.separator" value="/"/>
    <property name="basedir" value="/Users/anna/Desktop/java/02_stos_rpn-AnnaZw2/project_01"/>
    <property name="java.vm.compressedOopsMode" value="Zero based"/>
    <property name="line.separator" value="&#10;"/>
    <property name="java.vm.specification.vendor" value="Oracle Corporation"/>
    <property name="java.specification.name" value="Java Platform API Specification"/>
    <property name="apple.awt.application.name" value="ForkedBooter"/>
    <property name="surefire.real.class.path" value="/Users/anna/Desktop/java/02_stos_rpn-AnnaZw2/project_01/target/surefire/surefirebooter-20230323160140030_3.jar"/>
    <property name="sun.management.compiler" value="HotSpot 64-Bit Tiered Compilers"/>
    <property name="ftp.nonProxyHosts" value="local|*.local|169.254/16|*.169.254/16"/>
    <property name="java.runtime.version" value="19.0.2"/>
    <property name="user.name" value="anna"/>
    <property name="stdout.encoding" value="UTF-8"/>
    <property name="path.separator" value=":"/>
    <property name="os.version" value="13.0"/>
    <property name="java.runtime.name" value="OpenJDK Runtime Environment"/>
    <property name="file.encoding" value="UTF-8"/>
    <property name="java.vm.name" value="OpenJDK 64-Bit Server VM"/>
    <property name="java.vendor.version" value="Homebrew"/>
    <property name="localRepository" value="/Users/anna/.m2/repository"/>
    <property name="java.vendor.url.bug" value="https://github.com/Homebrew/homebrew-core/issues"/>
    <property name="java.io.tmpdir" value="/var/folders/p5/l51lrt9n4tvb_7k5b6f64sc40000gn/T/"/>
    <property name="java.version" value="19.0.2"/>
    <property name="user.dir" value="/Users/anna/Desktop/java/02_stos_rpn-AnnaZw2/project_01"/>
    <property name="os.arch" value="aarch64"/>
    <property name="java.vm.specification.name" value="Java Virtual Machine Specification"/>
    <property name="native.encoding" value="UTF-8"/>
    <property name="java.library.path" value="/Users/anna/Library/Java/Extensions:/Library/Java/Extensions:/Network/Library/Java/Extensions:/System/Library/Java/Extensions:/usr/lib/java:."/>
    <property name="java.vm.info" value="mixed mode, sharing"/>
    <property name="stderr.encoding" value="UTF-8"/>
    <property name="java.vendor" value="Homebrew"/>
    <property name="java.vm.version" value="19.0.2"/>
    <property name="sun.io.unicode.encoding" value="UnicodeBig"/>
    <property name="socksNonProxyHosts" value="local|*.local|169.254/16|*.169.254/16"/>
    <property name="java.class.version" value="63.0"/>
  </properties>
  <testcase name="pushShouldThrowExceptionIfArgumentIsNotInt" classname="com.example.StackTest" time="0.008"/>
</testsuite>